<?xml version="1.0" encoding="utf-8"?><testsuites><testsuite name="pytest" errors="0" failures="0" skipped="0" tests="17" time="3.502" timestamp="2025-05-25T15:07:11.022555+02:00" hostname="DESKTOP-I6980N8"><testcase classname="tests.test_server" name="test_login_successful" time="0.200" /><testcase classname="tests.test_server" name="test_login_nonexistent_user" time="0.131" /><testcase classname="tests.test_server" name="test_login_wrong_password" time="0.192" /><testcase classname="tests.test_server" name="test_logout" time="0.193" /><testcase classname="tests.test_server" name="test_status_loggedin" time="0.193" /><testcase classname="tests.test_server" name="test_status_loggedout" time="0.132" /><testcase classname="tests.test_server" name="test_add_magnet_link_success" time="0.192" /><testcase classname="tests.test_server" name="test_add_magnet_link_not_logged_in" time="0.132" /><testcase classname="tests.test_server" name="test_add_torrent_file_success" time="0.211" /><testcase classname="tests.test_server" name="test_add_torrent_file_not_logged_in" time="0.131" /><testcase classname="tests.test_server" name="test_add_torrent_file_no_file" time="0.193" /><testcase classname="tests.test_server" name="test_add_magnet_link_for_common_user" time="0.194" /><testcase classname="tests.test_server" name="test_add_magnet_link_for_another_existing_user" time="0.193" /><testcase classname="tests.test_server" name="test_add_magnet_link_for_nonexistent_target_user" time="0.193" /><testcase classname="tests.test_server" name="test_add_torrent_file_for_common_user" time="0.196" /><testcase classname="tests.test_server" name="test_add_torrent_file_for_another_existing_user" time="0.194" /><testcase classname="tests.test_server" name="test_add_torrent_file_for_nonexistent_target_user" time="0.194" /></testsuite></testsuites>